{"name": "test_user_Registration", "status": "broken", "statusDetails": {"message": "selenium.common.exceptions.NoSuchElementException: Message: no such element: Unable to locate element: {\"method\":\"xpath\",\"selector\":\"//a[@class='logout']\"}\n  (Session info: chrome=83.0.4103.97)", "trace": "self = <tests.Test_User_Registration.TestLogin object at 0x04339D90>\n\n    @allure.severity(severity_level=\"BLOCKER\")\n    @allure.feature(\"JIRA-78990 : Validate user registration feature\")\n    @allure.testcase(\"http://automationpractice.com/\", \"Verify user registration page\")\n    def test_user_Registration(self):\n    \n        # Page Factory\n        signup_page = SignUpPage(self.driver)\n        home_page = HomePage(self.driver)\n    \n        home_page.clickOnSignInBuggon()\n        signup_page.enterEmailID(\"jackson.smith1@mailinator.com\")\n        signup_page.selectGender()\n        signup_page.enterFirstName(\"James\")\n        signup_page.enterLastName(\"Smith\")\n        signup_page.enterPassword(\"S5CHQv@eXS8zXBq\")\n        signup_page.enterAddress(\"LinkedIn, RWC, California - USA\")\n        signup_page.enterCityName(\"RedWood City\")\n        signup_page.selectState(\"California\")\n        signup_page.enterZipcode(\"32001\")\n        signup_page.selectCountry(\"United States\")\n        signup_page.enterAdditionalInfo(\"My Office Address Deatails for reference\")\n        signup_page.enterMobile(\"5678760989\")\n        signup_page.address_Alias(\"My Home Address\")\n        signup_page.clickOnRegister()\n>       signup_page.assertSignOutAfterRegistration()\n\ntests\\Test_User_Registration.py:34: \n_ _ _ _ _ _ _ _ _ _ _ _ _ _ _ _ _ _ _ _ _ _ _ _ _ _ _ _ _ _ _ _ _ _ _ _ _ _ _ _ _ _ _ _ _ _ _ _ _ _ _ _ _ _ _ _ _ _ _ _ _ _ _ _ _ _ _ _ _ _ _ _ _ _ _ _ _ _ _ _ _ _ \npages\\SignUp.py:109: in assertSignOutAfterRegistration\n    sign_out_Btn_locator = self.browser.find_element(*self.SIGNOUT)\nc:\\users\\sparimi\\.virtualenvs\\centime\\lib\\site-packages\\selenium\\webdriver\\remote\\webdriver.py:976: in find_element\n    return self.execute(Command.FIND_ELEMENT, {\nc:\\users\\sparimi\\.virtualenvs\\centime\\lib\\site-packages\\selenium\\webdriver\\remote\\webdriver.py:321: in execute\n    self.error_handler.check_response(response)\n_ _ _ _ _ _ _ _ _ _ _ _ _ _ _ _ _ _ _ _ _ _ _ _ _ _ _ _ _ _ _ _ _ _ _ _ _ _ _ _ _ _ _ _ _ _ _ _ _ _ _ _ _ _ _ _ _ _ _ _ _ _ _ _ _ _ _ _ _ _ _ _ _ _ _ _ _ _ _ _ _ _ \n\nself = <selenium.webdriver.remote.errorhandler.ErrorHandler object at 0x043569A0>\nresponse = {'status': 404, 'value': '{\"value\":{\"error\":\"no such element\",\"message\":\"no such element: Unable to locate element: {\\...jectPath [0x77897B74+228]\\\\n\\\\tRtlGetAppContainerNamedObjectPath [0x77897B44+180]\\\\n\\\\t(No symbol) [0x00000000]\\\\n\"}}'}\n\n    def check_response(self, response):\n        \"\"\"\n        Checks that a JSON response from the WebDriver does not have an error.\n    \n        :Args:\n         - response - The JSON response from the WebDriver server as a dictionary\n           object.\n    \n        :Raises: If the response contains an error message.\n        \"\"\"\n        status = response.get('status', None)\n        if status is None or status == ErrorCode.SUCCESS:\n            return\n        value = None\n        message = response.get(\"message\", \"\")\n        screen = response.get(\"screen\", \"\")\n        stacktrace = None\n        if isinstance(status, int):\n            value_json = response.get('value', None)\n            if value_json and isinstance(value_json, basestring):\n                import json\n                try:\n                    value = json.loads(value_json)\n                    if len(value.keys()) == 1:\n                        value = value['value']\n                    status = value.get('error', None)\n                    if status is None:\n                        status = value[\"status\"]\n                        message = value[\"value\"]\n                        if not isinstance(message, basestring):\n                            value = message\n                            message = message.get('message')\n                    else:\n                        message = value.get('message', None)\n                except ValueError:\n                    pass\n    \n        exception_class = ErrorInResponseException\n        if status in ErrorCode.NO_SUCH_ELEMENT:\n            exception_class = NoSuchElementException\n        elif status in ErrorCode.NO_SUCH_FRAME:\n            exception_class = NoSuchFrameException\n        elif status in ErrorCode.NO_SUCH_WINDOW:\n            exception_class = NoSuchWindowException\n        elif status in ErrorCode.STALE_ELEMENT_REFERENCE:\n            exception_class = StaleElementReferenceException\n        elif status in ErrorCode.ELEMENT_NOT_VISIBLE:\n            exception_class = ElementNotVisibleException\n        elif status in ErrorCode.INVALID_ELEMENT_STATE:\n            exception_class = InvalidElementStateException\n        elif status in ErrorCode.INVALID_SELECTOR \\\n                or status in ErrorCode.INVALID_XPATH_SELECTOR \\\n                or status in ErrorCode.INVALID_XPATH_SELECTOR_RETURN_TYPER:\n            exception_class = InvalidSelectorException\n        elif status in ErrorCode.ELEMENT_IS_NOT_SELECTABLE:\n            exception_class = ElementNotSelectableException\n        elif status in ErrorCode.ELEMENT_NOT_INTERACTABLE:\n            exception_class = ElementNotInteractableException\n        elif status in ErrorCode.INVALID_COOKIE_DOMAIN:\n            exception_class = InvalidCookieDomainException\n        elif status in ErrorCode.UNABLE_TO_SET_COOKIE:\n            exception_class = UnableToSetCookieException\n        elif status in ErrorCode.TIMEOUT:\n            exception_class = TimeoutException\n        elif status in ErrorCode.SCRIPT_TIMEOUT:\n            exception_class = TimeoutException\n        elif status in ErrorCode.UNKNOWN_ERROR:\n            exception_class = WebDriverException\n        elif status in ErrorCode.UNEXPECTED_ALERT_OPEN:\n            exception_class = UnexpectedAlertPresentException\n        elif status in ErrorCode.NO_ALERT_OPEN:\n            exception_class = NoAlertPresentException\n        elif status in ErrorCode.IME_NOT_AVAILABLE:\n            exception_class = ImeNotAvailableException\n        elif status in ErrorCode.IME_ENGINE_ACTIVATION_FAILED:\n            exception_class = ImeActivationFailedException\n        elif status in ErrorCode.MOVE_TARGET_OUT_OF_BOUNDS:\n            exception_class = MoveTargetOutOfBoundsException\n        elif status in ErrorCode.JAVASCRIPT_ERROR:\n            exception_class = JavascriptException\n        elif status in ErrorCode.SESSION_NOT_CREATED:\n            exception_class = SessionNotCreatedException\n        elif status in ErrorCode.INVALID_ARGUMENT:\n            exception_class = InvalidArgumentException\n        elif status in ErrorCode.NO_SUCH_COOKIE:\n            exception_class = NoSuchCookieException\n        elif status in ErrorCode.UNABLE_TO_CAPTURE_SCREEN:\n            exception_class = ScreenshotException\n        elif status in ErrorCode.ELEMENT_CLICK_INTERCEPTED:\n            exception_class = ElementClickInterceptedException\n        elif status in ErrorCode.INSECURE_CERTIFICATE:\n            exception_class = InsecureCertificateException\n        elif status in ErrorCode.INVALID_COORDINATES:\n            exception_class = InvalidCoordinatesException\n        elif status in ErrorCode.INVALID_SESSION_ID:\n            exception_class = InvalidSessionIdException\n        elif status in ErrorCode.UNKNOWN_METHOD:\n            exception_class = UnknownMethodException\n        else:\n            exception_class = WebDriverException\n        if value == '' or value is None:\n            value = response['value']\n        if isinstance(value, basestring):\n            if exception_class == ErrorInResponseException:\n                raise exception_class(response, value)\n            raise exception_class(value)\n        if message == \"\" and 'message' in value:\n            message = value['message']\n    \n        screen = None\n        if 'screen' in value:\n            screen = value['screen']\n    \n        stacktrace = None\n        if 'stackTrace' in value and value['stackTrace']:\n            stacktrace = []\n            try:\n                for frame in value['stackTrace']:\n                    line = self._value_or_default(frame, 'lineNumber', '')\n                    file = self._value_or_default(frame, 'fileName', '<anonymous>')\n                    if line:\n                        file = \"%s:%s\" % (file, line)\n                    meth = self._value_or_default(frame, 'methodName', '<anonymous>')\n                    if 'className' in frame:\n                        meth = \"%s.%s\" % (frame['className'], meth)\n                    msg = \"    at %s (%s)\"\n                    msg = msg % (meth, file)\n                    stacktrace.append(msg)\n            except TypeError:\n                pass\n        if exception_class == ErrorInResponseException:\n            raise exception_class(response, message)\n        elif exception_class == UnexpectedAlertPresentException:\n            alert_text = None\n            if 'data' in value:\n                alert_text = value['data'].get('text')\n            elif 'alert' in value:\n                alert_text = value['alert'].get('text')\n            raise exception_class(message, screen, stacktrace, alert_text)\n>       raise exception_class(message, screen, stacktrace)\nE       selenium.common.exceptions.NoSuchElementException: Message: no such element: Unable to locate element: {\"method\":\"xpath\",\"selector\":\"//a[@class='logout']\"}\nE         (Session info: chrome=83.0.4103.97)\n\nc:\\users\\sparimi\\.virtualenvs\\centime\\lib\\site-packages\\selenium\\webdriver\\remote\\errorhandler.py:242: NoSuchElementException"}, "steps": [{"name": "click on SignIn Button in landing page", "status": "passed", "start": 1592220279342, "stop": 1592220283334}, {"name": "enter email ID", "status": "passed", "parameters": [{"name": "email", "value": "'jackson.smith1@mailinator.com'"}], "start": 1592220283335, "stop": 1592220285205}, {"name": "select the gender", "status": "passed", "start": 1592220285205, "stop": 1592220287298}, {"name": "Enter First Name", "status": "passed", "parameters": [{"name": "firstName", "value": "'James'"}], "start": 1592220287299, "stop": 1592220287955}, {"name": "Enter Last Name", "status": "passed", "parameters": [{"name": "lastName", "value": "'Smith'"}], "start": 1592220287956, "stop": 1592220288358}, {"name": "Enter password", "status": "passed", "parameters": [{"name": "pwd", "value": "'S5CHQv@eXS8zXBq'"}], "start": 1592220288359, "stop": 1592220289128}, {"name": "Enter Contact Address", "status": "passed", "parameters": [{"name": "contactAddress", "value": "'LinkedIn, RWC, California - USA'"}], "start": 1592220289128, "stop": 1592220290223}, {"name": "Enter City Name", "status": "passed", "parameters": [{"name": "cityName", "value": "'RedWood City'"}], "start": 1592220290223, "stop": 1592220290832}, {"name": "Select the state ", "status": "passed", "parameters": [{"name": "stateName", "value": "'California'"}], "start": 1592220290833, "stop": 1592220291159}, {"name": "Enter the zipcode", "status": "passed", "parameters": [{"name": "zipcodeNum", "value": "'32001'"}], "start": 1592220291159, "stop": 1592220291668}, {"name": "Select Country", "status": "passed", "parameters": [{"name": "countryName", "value": "'United States'"}], "start": 1592220291668, "stop": 1592220291855}, {"name": "Enter the additioal Information", "status": "passed", "parameters": [{"name": "additionalInformation", "value": "'My Office Address Deatails for reference'"}], "start": 1592220291856, "stop": 1592220292905}, {"name": "Enter the Mobile Number", "status": "passed", "parameters": [{"name": "mobileNumber", "value": "'5678760989'"}], "start": 1592220292905, "stop": 1592220293416}, {"name": "Enter Alias Name for your Address", "status": "passed", "parameters": [{"name": "addressAliasName", "value": "'My Home Address'"}], "start": 1592220293417, "stop": 1592220294112}, {"name": "Click on Register Button", "status": "passed", "start": 1592220294112, "stop": 1592220390066}, {"name": "Assert Signout after sucessful user registration", "status": "broken", "statusDetails": {"message": "selenium.common.exceptions.NoSuchElementException: Message: no such element: Unable to locate element: {\"method\":\"xpath\",\"selector\":\"//a[@class='logout']\"}\n  (Session info: chrome=83.0.4103.97)\n\n", "trace": "  File \"c:\\users\\sparimi\\.virtualenvs\\centime\\lib\\site-packages\\allure_commons\\_allure.py\", line 157, in impl\n    return func(*a, **kw)\n  File \"E:\\PyAPI\\Centime\\pages\\SignUp.py\", line 109, in assertSignOutAfterRegistration\n    sign_out_Btn_locator = self.browser.find_element(*self.SIGNOUT)\n  File \"c:\\users\\sparimi\\.virtualenvs\\centime\\lib\\site-packages\\selenium\\webdriver\\remote\\webdriver.py\", line 976, in find_element\n    return self.execute(Command.FIND_ELEMENT, {\n  File \"c:\\users\\sparimi\\.virtualenvs\\centime\\lib\\site-packages\\selenium\\webdriver\\remote\\webdriver.py\", line 321, in execute\n    self.error_handler.check_response(response)\n  File \"c:\\users\\sparimi\\.virtualenvs\\centime\\lib\\site-packages\\selenium\\webdriver\\remote\\errorhandler.py\", line 242, in check_response\n    raise exception_class(message, screen, stacktrace)\n"}, "start": 1592220390067, "stop": 1592220400134}], "start": 1592220279342, "stop": 1592220400146, "uuid": "0f5693b7-d9b1-41fa-ac7f-a141b2b58c54", "historyId": "e3d2f5d11f85e4c5217b40224333da92", "testCaseId": "16a647791c87a9f7affa876075f84f95", "fullName": "tests.Test_User_Registration.TestLogin#test_user_Registration", "labels": [{"name": "severity", "value": "BLOCKER"}, {"name": "feature", "value": "JIRA-78990 : Validate user registration feature"}, {"name": "tag", "value": "@pytest.mark.usefixtures('setup')"}, {"name": "parentSuite", "value": "tests"}, {"name": "suite", "value": "Test_User_Registration"}, {"name": "subSuite", "value": "TestLogin"}, {"name": "host", "value": "DELL7490-2362"}, {"name": "thread", "value": "54524-MainThread"}, {"name": "framework", "value": "pytest"}, {"name": "language", "value": "cpython3"}, {"name": "package", "value": "tests.Test_User_Registration"}], "links": [{"type": "test_case", "url": "http://automationpractice.com/", "name": "Verify user registration page"}]}